2022-02-19 15:28:01,263 [AWT-EventQueue-0]  INFO testecategoria:91 –  Alterada parcela id: 635-3 no valor de: 214.36 para: false-Cliente:796 Data:null
2022-02-19 15:28:01,263 [AWT-EventQueue-0]  INFO testecategoria:91 –  Alterada parcela id: 646-4 no valor de: 58.78 para: false-Cliente:796 Data:null
2022-02-19 15:28:01,263 [AWT-EventQueue-0]  INFO testecategoria:91 –  Alterada parcela id: 665-4 no valor de: 35.98 para: false-Cliente:801 Data:null
2022-02-19 15:28:01,263 [AWT-EventQueue-0]  INFO testecategoria:91 –  Alterada parcela id: 670-4 no valor de: 76.24 para: false-Cliente:801 Data:null
2022-02-19 15:28:01,263 [AWT-EventQueue-0]  INFO testecategoria:91 –  Alterada parcela id: 676-4 no valor de: 30.98 para: false-Cliente:804 Data:null
2022-02-19 15:28:01,263 [AWT-EventQueue-0]  INFO testecategoria:91 –  Alterada parcela id: 682-4 no valor de: 44.78 para: false-Cliente:805 Data:null
2022-02-19 15:28:01,263 [AWT-EventQueue-0]  INFO testecategoria:91 –  Alterada parcela id: 687-4 no valor de: 77.78 para: false-Cliente:803 Data:null
2022-02-19 15:28:01,263 [AWT-EventQueue-0]  INFO testecategoria:91 –  Alterada parcela id: 698-4 no valor de: 84.0 para: false-Cliente:802 Data:null
2022-02-19 15:28:01,263 [AWT-EventQueue-0]  INFO testecategoria:91 –  Alterada parcela id: 716-4 no valor de: 48.34 para: false-Cliente:799 Data:null
2022-02-19 15:28:01,263 [AWT-EventQueue-0]  INFO testecategoria:91 –  Alterada parcela id: 721-4 no valor de: 79.94 para: false-Cliente:799 Data:null
2022-02-19 15:28:01,263 [AWT-EventQueue-0]  INFO testecategoria:91 –  Alterada parcela id: 726-4 no valor de: 49.94 para: false-Cliente:799 Data:null
2022-02-19 15:28:01,263 [AWT-EventQueue-0]  INFO testecategoria:91 –  Alterada parcela id: 731-4 no valor de: 39.96 para: false-Cliente:799 Data:null
2022-02-19 15:28:01,263 [AWT-EventQueue-0]  INFO testecategoria:91 –  Alterada parcela id: 737-4 no valor de: 84.4 para: false-Cliente:807 Data:null
2022-02-19 15:28:01,279 [AWT-EventQueue-0]  INFO testecategoria:91 –  Alterada parcela id: 747-5 no valor de: 139.34 para: false-Cliente:808 Data:null
2022-02-19 15:28:01,279 [AWT-EventQueue-0]  INFO testecategoria:91 –  Alterada parcela id: 753-4 no valor de: 29.98 para: false-Cliente:808 Data:null
2022-02-19 15:28:01,279 [AWT-EventQueue-0]  INFO testecategoria:91 –  Alterada parcela id: 758-4 no valor de: 159.48 para: false-Cliente:808 Data:null
2022-02-19 15:28:01,279 [AWT-EventQueue-0]  INFO testecategoria:91 –  Alterada parcela id: 769-5 no valor de: 32.94 para: false-Cliente:8 Data:null
2022-02-19 15:28:01,279 [AWT-EventQueue-0]  INFO testecategoria:91 –  Alterada parcela id: 774-5 no valor de: 31.98 para: false-Cliente:8 Data:null
2022-02-19 15:28:01,279 [AWT-EventQueue-0]  INFO testecategoria:91 –  Alterada parcela id: 778-4 no valor de: 65.56 para: false-Cliente:218 Data:null
2022-02-19 15:28:01,279 [AWT-EventQueue-0]  INFO testecategoria:91 –  Alterada parcela id: 783-4 no valor de: 46.8 para: false-Cliente:218 Data:null
2022-02-19 15:28:01,279 [AWT-EventQueue-0]  INFO testecategoria:91 –  Alterada parcela id: 794-5 no valor de: 168.34 para: false-Cliente:218 Data:null
2022-02-19 15:28:01,279 [AWT-EventQueue-0]  INFO testecategoria:91 –  Alterada parcela id: 808-5 no valor de: 31.98 para: false-Cliente:467 Data:null
2022-02-19 15:28:01,279 [AWT-EventQueue-0]  INFO testecategoria:91 –  Alterada parcela id: 819-4 no valor de: 48.97 para: false-Cliente:812 Data:null
2022-02-19 15:28:01,279 [AWT-EventQueue-0]  INFO testecategoria:91 –  Alterada parcela id: 824-4 no valor de: 53.17 para: false-Cliente:812 Data:null
2022-02-19 15:28:01,279 [AWT-EventQueue-0]  INFO testecategoria:91 –  Alterada parcela id: 831-5 no valor de: 35.98 para: false-Cliente:812 Data:null
2022-02-19 15:28:01,279 [AWT-EventQueue-0]  INFO testecategoria:91 –  Alterada parcela id: 836-5 no valor de: 59.78 para: false-Cliente:812 Data:null
2022-02-19 15:28:01,279 [AWT-EventQueue-0]  INFO testecategoria:91 –  Alterada parcela id: 858-3 no valor de: 106.08 para: false-Cliente:816 Data:null
2022-02-19 15:28:01,279 [AWT-EventQueue-0]  INFO testecategoria:91 –  Alterada parcela id: 868-4 no valor de: 39.99 para: false-Cliente:437 Data:null
2022-02-19 15:28:01,279 [AWT-EventQueue-0]  INFO testecategoria:91 –  Alterada parcela id: 872-4 no valor de: 25.98 para: false-Cliente:437 Data:null
2022-02-19 15:28:01,279 [AWT-EventQueue-0]  INFO testecategoria:91 –  Alterada parcela id: 877-4 no valor de: 190.76 para: false-Cliente:437 Data:null
2022-02-19 15:28:01,279 [AWT-EventQueue-0]  INFO testecategoria:91 –  Alterada parcela id: 882-4 no valor de: 78.36 para: false-Cliente:817 Data:null
2022-02-19 15:28:01,279 [AWT-EventQueue-0]  INFO testecategoria:91 –  Alterada parcela id: 891-4 no valor de: 61.94 para: false-Cliente:66 Data:null
2022-02-19 15:28:01,279 [AWT-EventQueue-0]  INFO testecategoria:91 –  Alterada parcela id: 908-4 no valor de: 75.96 para: false-Cliente:297 Data:null
2022-02-19 15:28:01,279 [AWT-EventQueue-0]  INFO testecategoria:91 –  Alterada parcela id: 916-4 no valor de: 75.96 para: false-Cliente:822 Data:null
2022-02-19 15:28:01,279 [AWT-EventQueue-0]  INFO testecategoria:91 –  Alterada parcela id: 921-4 no valor de: 39.96 para: false-Cliente:822 Data:null
2022-02-19 15:28:01,279 [AWT-EventQueue-0]  INFO testecategoria:91 –  Alterada parcela id: 929-4 no valor de: 33.98 para: false-Cliente:822 Data:null
2022-02-19 15:28:01,279 [AWT-EventQueue-0]  INFO testecategoria:91 –  Alterada parcela id: 935-3 no valor de: 74.2 para: false-Cliente:222 Data:null
2022-02-19 15:28:01,279 [AWT-EventQueue-0]  INFO testecategoria:91 –  Alterada parcela id: 959-4 no valor de: 58.58 para: false-Cliente:214 Data:null
2022-02-19 15:28:01,279 [AWT-EventQueue-0]  INFO testecategoria:91 –  Alterada parcela id: 964-4 no valor de: 124.0 para: false-Cliente:214 Data:null
2022-02-19 15:28:01,279 [AWT-EventQueue-0]  INFO testecategoria:91 –  Alterada parcela id: 1031-3 no valor de: 44.98 para: false-Cliente:788 Data:null
2022-02-19 15:28:01,279 [AWT-EventQueue-0]  INFO testecategoria:91 –  Alterada parcela id: 1035-3 no valor de: 49.98 para: false-Cliente:72 Data:null
2022-02-19 15:28:01,279 [AWT-EventQueue-0]  INFO testecategoria:91 –  Alterada parcela id: 1063-3 no valor de: 37.8 para: false-Cliente:163 Data:null
2022-02-19 15:28:01,279 [AWT-EventQueue-0]  INFO testecategoria:91 –  Alterada parcela id: 1087-3 no valor de: 105.2 para: false-Cliente:588 Data:null
2022-02-19 15:28:01,279 [AWT-EventQueue-0]  INFO testecategoria:91 –  Alterada parcela id: 1143-3 no valor de: 85.0 para: false-Cliente:806 Data:null
2022-02-19 15:28:01,279 [AWT-EventQueue-0]  INFO testecategoria:91 –  Alterada parcela id: 1380-3 no valor de: 100.34 para: false-Cliente:462 Data:null
2022-02-19 15:28:01,279 [AWT-EventQueue-0]  INFO testecategoria:91 –  Alterada parcela id: 1540-3 no valor de: 104.72 para: false-Cliente:789 Data:null
2022-02-19 15:28:01,279 [AWT-EventQueue-0]  INFO testecategoria:91 –  Alterada parcela id: 1545-3 no valor de: 31.98 para: false-Cliente:467 Data:null
2022-02-19 15:28:01,279 [AWT-EventQueue-0]  INFO testecategoria:91 –  Alterada parcela id: 1550-3 no valor de: 143.28 para: false-Cliente:467 Data:null
2022-02-19 15:28:01,279 [AWT-EventQueue-0]  INFO testecategoria:91 –  Alterada parcela id: 1555-3 no valor de: 36.8 para: false-Cliente:163 Data:null
2022-02-19 15:28:01,279 [AWT-EventQueue-0]  INFO testecategoria:91 –  Alterada parcela id: 1560-3 no valor de: 76.34 para: false-Cliente:799 Data:null
2022-02-19 15:28:01,279 [AWT-EventQueue-0]  INFO testecategoria:91 –  Alterada parcela id: 1568-3 no valor de: 381.26 para: false-Cliente:793 Data:null
2022-02-19 15:28:01,279 [AWT-EventQueue-0]  INFO testecategoria:91 –  Alterada parcela id: 1589-4 no valor de: 29.98 para: false-Cliente:794 Data:null
2022-02-19 15:28:01,279 [AWT-EventQueue-0]  INFO testecategoria:91 –  Alterada parcela id: 1594-4 no valor de: 105.56 para: false-Cliente:66 Data:null
2022-02-19 15:28:01,279 [AWT-EventQueue-0]  INFO testecategoria:91 –  Alterada parcela id: 1599-4 no valor de: 33.98 para: false-Cliente:796 Data:null
2022-02-19 15:28:01,279 [AWT-EventQueue-0]  INFO testecategoria:91 –  Alterada parcela id: 1619-3 no valor de: 24.0 para: false-Cliente:462 Data:null
2022-02-19 15:28:01,279 [AWT-EventQueue-0]  INFO testecategoria:91 –  Alterada parcela id: 1630-3 no valor de: 39.96 para: false-Cliente:163 Data:null
2022-02-19 15:28:01,295 [AWT-EventQueue-0]  INFO testecategoria:91 –  Alterada parcela id: 1635-3 no valor de: 30.75 para: true-Cliente:4 Data:Sat Feb 19 15:27:38 BRST 2022
2022-02-19 15:28:01,295 [AWT-EventQueue-0]  INFO testecategoria:91 –  Alterada parcela id: 1639-3 no valor de: 375.0 para: true-Cliente:4 Data:Sat Feb 19 15:27:38 BRST 2022
2022-02-19 15:28:01,295 [AWT-EventQueue-0]  INFO testecategoria:91 –  Alterada parcela id: 1643-3 no valor de: 277.75 para: false-Cliente:4 Data:null
2022-02-19 15:28:01,295 [AWT-EventQueue-0]  INFO testecategoria:91 –  Alterada parcela id: 1647-3 no valor de: 500.0 para: false-Cliente:4 Data:null
2022-02-19 15:28:01,295 [AWT-EventQueue-0]  INFO testecategoria:91 –  Alterada parcela id: 1650-3 no valor de: 400.0 para: false-Cliente:4 Data:null
2022-02-19 15:28:01,295 [AWT-EventQueue-0]  INFO testecategoria:91 –  Alterada parcela id: 1653-3 no valor de: 111.0 para: false-Cliente:4 Data:null
2022-02-19 15:28:01,295 [AWT-EventQueue-0]  INFO testecategoria:91 –  Alterada parcela id: 1657-3 no valor de: 37.0 para: false-Cliente:4 Data:null
2022-02-19 15:28:01,295 [AWT-EventQueue-0]  INFO testecategoria:91 –  Alterada parcela id: 1660-3 no valor de: 74.0 para: false-Cliente:4 Data:null
2022-02-19 15:28:01,295 [AWT-EventQueue-0]  INFO testecategoria:91 –  Alterada parcela id: 1663-3 no valor de: 444.4 para: false-Cliente:4 Data:null
2022-02-19 15:28:01,295 [AWT-EventQueue-0]  INFO testecategoria:91 –  Alterada parcela id: 1679-3 no valor de: 18.34 para: false-Cliente:4 Data:null
2022-02-19 15:28:01,295 [AWT-EventQueue-0]  INFO testecategoria:91 –  Alterada parcela id: 1682-3 no valor de: 11.0 para: false-Cliente:4 Data:null
2022-02-19 15:28:01,295 [AWT-EventQueue-0]  INFO testecategoria:91 –  Alterada parcela id: 1685-3 no valor de: 148.0 para: false-Cliente:4 Data:null
2022-02-19 15:28:01,295 [AWT-EventQueue-0]  INFO testecategoria:91 –  Alterada parcela id: 1688-3 no valor de: 40.0 para: false-Cliente:4 Data:null
2022-02-19 15:28:01,295 [AWT-EventQueue-0]  INFO testecategoria:91 –  Alterada parcela id: 1693-3 no valor de: 111.0 para: false-Cliente:4 Data:null
2022-02-19 15:28:01,295 [AWT-EventQueue-0]  INFO testecategoria:91 –  Alterada parcela id: 1696-3 no valor de: 55.5 para: false-Cliente:4 Data:null
2022-02-19 15:28:01,295 [AWT-EventQueue-0]  INFO testecategoria:91 –  Alterada parcela id: 1704-3 no valor de: 55.5 para: false-Cliente:4 Data:null
2022-02-19 15:28:01,295 [AWT-EventQueue-0]  INFO testecategoria:91 –  Alterada parcela id: 1709-3 no valor de: 179.8 para: false-Cliente:780 Data:null
2022-02-19 15:28:03,593 [AWT-EventQueue-0]  INFO testecategoria:535 – fim_grava_parcelas
2022-02-19 15:32:16,185 [main]  INFO testecategoria:44 – Abertura de sistema
2022-02-19 15:34:39,865 [AWT-EventQueue-0]  INFO testecategoria:533 – inicio_grava_parcelas
2022-02-19 15:34:39,881 [AWT-EventQueue-0]  INFO testecategoria:91 –  Alterada parcela id: 267-4 no valor de: 67.78 para: false-Cliente:505 Data:null
2022-02-19 15:34:39,896 [AWT-EventQueue-0]  INFO testecategoria:91 –  Alterada parcela id: 288-4 no valor de: 25.2 para: false-Cliente:505 Data:null
2022-02-19 15:34:39,896 [AWT-EventQueue-0]  INFO testecategoria:91 –  Alterada parcela id: 294-5 no valor de: 32.89 para: false-Cliente:505 Data:null
2022-02-19 15:34:39,896 [AWT-EventQueue-0]  INFO testecategoria:91 –  Alterada parcela id: 296-2 no valor de: 27.8 para: false-Cliente:783 Data:null
2022-02-19 15:34:39,896 [AWT-EventQueue-0]  INFO testecategoria:91 –  Alterada parcela id: 304-5 no valor de: 143.88 para: false-Cliente:783 Data:null
2022-02-19 15:34:39,912 [AWT-EventQueue-0]  INFO testecategoria:91 –  Alterada parcela id: 307-3 no valor de: 39.96 para: false-Cliente:783 Data:null
2022-02-19 15:34:39,912 [AWT-EventQueue-0]  INFO testecategoria:91 –  Alterada parcela id: 318-4 no valor de: 103.94 para: false-Cliente:784 Data:null
2022-02-19 15:34:39,912 [AWT-EventQueue-0]  INFO testecategoria:91 –  Alterada parcela id: 323-4 no valor de: 39.98 para: false-Cliente:784 Data:null
2022-02-19 15:34:39,912 [AWT-EventQueue-0]  INFO testecategoria:91 –  Alterada parcela id: 327-3 no valor de: 53.73 para: false-Cliente:785 Data:null
2022-02-19 15:34:39,912 [AWT-EventQueue-0]  INFO testecategoria:91 –  Alterada parcela id: 334-5 no valor de: 27.92 para: false-Cliente:785 Data:null
2022-02-19 15:34:39,912 [AWT-EventQueue-0]  INFO testecategoria:91 –  Alterada parcela id: 339-5 no valor de: 12.99 para: false-Cliente:785 Data:null
2022-02-19 15:34:39,912 [AWT-EventQueue-0]  INFO testecategoria:91 –  Alterada parcela id: 341-2 no valor de: 55.83 para: false-Cliente:785 Data:null
2022-02-19 15:34:39,912 [AWT-EventQueue-0]  INFO testecategoria:91 –  Alterada parcela id: 349-5 no valor de: 55.83 para: false-Cliente:785 Data:null
2022-02-19 15:34:39,912 [AWT-EventQueue-0]  INFO testecategoria:91 –  Alterada parcela id: 354-5 no valor de: 49.54 para: false-Cliente:785 Data:null
2022-02-19 15:34:39,912 [AWT-EventQueue-0]  INFO testecategoria:91 –  Alterada parcela id: 377-3 no valor de: 134.21 para: false-Cliente:462 Data:null
2022-02-19 15:34:39,912 [AWT-EventQueue-0]  INFO testecategoria:91 –  Alterada parcela id: 382-3 no valor de: 65.58 para: false-Cliente:462 Data:null
2022-02-19 15:34:39,912 [AWT-EventQueue-0]  INFO testecategoria:91 –  Alterada parcela id: 392-3 no valor de: 37.98 para: false-Cliente:462 Data:null
2022-02-19 15:34:39,912 [AWT-EventQueue-0]  INFO testecategoria:91 –  Alterada parcela id: 398-4 no valor de: 35.98 para: false-Cliente:462 Data:null
2022-02-19 15:34:39,912 [AWT-EventQueue-0]  INFO testecategoria:91 –  Alterada parcela id: 403-4 no valor de: 138.74 para: false-Cliente:462 Data:null
2022-02-19 15:34:39,912 [AWT-EventQueue-0]  INFO testecategoria:91 –  Alterada parcela id: 409-4 no valor de: 143.12 para: false-Cliente:462 Data:null
2022-02-19 15:34:39,912 [AWT-EventQueue-0]  INFO testecategoria:91 –  Alterada parcela id: 415-5 no valor de: 40.7 para: false-Cliente:462 Data:null
2022-02-19 15:34:39,912 [AWT-EventQueue-0]  INFO testecategoria:91 –  Alterada parcela id: 418-3 no valor de: 67.76 para: false-Cliente:532 Data:null
2022-02-19 15:34:39,912 [AWT-EventQueue-0]  INFO testecategoria:91 –  Alterada parcela id: 430-4 no valor de: 118.9 para: false-Cliente:532 Data:null
2022-02-19 15:34:39,912 [AWT-EventQueue-0]  INFO testecategoria:91 –  Alterada parcela id: 436-3 no valor de: 35.98 para: false-Cliente:532 Data:null
2022-02-19 15:34:39,928 [AWT-EventQueue-0]  INFO testecategoria:91 –  Alterada parcela id: 444-4 no valor de: 135.56 para: false-Cliente:787 Data:null
2022-02-19 15:34:39,928 [AWT-EventQueue-0]  INFO testecategoria:91 –  Alterada parcela id: 451-5 no valor de: 43.78 para: false-Cliente:788 Data:null
2022-02-19 15:34:39,928 [AWT-EventQueue-0]  INFO testecategoria:91 –  Alterada parcela id: 454-3 no valor de: 87.36 para: false-Cliente:789 Data:null
2022-02-19 15:34:39,928 [AWT-EventQueue-0]  INFO testecategoria:91 –  Alterada parcela id: 460-4 no valor de: 162.56 para: false-Cliente:789 Data:null
2022-02-19 15:34:39,928 [AWT-EventQueue-0]  INFO testecategoria:91 –  Alterada parcela id: 475-4 no valor de: 33.98 para: false-Cliente:789 Data:null
2022-02-19 15:34:39,928 [AWT-EventQueue-0]  INFO testecategoria:91 –  Alterada parcela id: 479-3 no valor de: 14.0 para: false-Cliente:790 Data:null
2022-02-19 15:34:39,928 [AWT-EventQueue-0]  INFO testecategoria:91 –  Alterada parcela id: 486-4 no valor de: 23.8 para: false-Cliente:790 Data:null
2022-02-19 15:34:39,928 [AWT-EventQueue-0]  INFO testecategoria:91 –  Alterada parcela id: 490-3 no valor de: 65.4 para: false-Cliente:311 Data:null
2022-02-19 15:34:39,928 [AWT-EventQueue-0]  INFO testecategoria:91 –  Alterada parcela id: 494-2 no valor de: 183.54 para: false-Cliente:311 Data:null
2022-02-19 15:34:39,928 [AWT-EventQueue-0]  INFO testecategoria:91 –  Alterada parcela id: 499-2 no valor de: 31.6 para: false-Cliente:311 Data:null
2022-02-19 15:34:39,928 [AWT-EventQueue-0]  INFO testecategoria:91 –  Alterada parcela id: 503-3 no valor de: 96.94 para: false-Cliente:791 Data:null
2022-02-19 15:34:39,928 [AWT-EventQueue-0]  INFO testecategoria:91 –  Alterada parcela id: 525-4 no valor de: 69.96 para: false-Cliente:378 Data:null
2022-02-19 15:34:39,928 [AWT-EventQueue-0]  INFO testecategoria:91 –  Alterada parcela id: 530-4 no valor de: 42.46 para: false-Cliente:378 Data:null
2022-02-19 15:34:39,928 [AWT-EventQueue-0]  INFO testecategoria:91 –  Alterada parcela id: 534-4 no valor de: 584.28 para: false-Cliente:378 Data:null
2022-02-19 15:34:39,928 [AWT-EventQueue-0]  INFO testecategoria:91 –  Alterada parcela id: 538-3 no valor de: 55.96 para: false-Cliente:378 Data:null
2022-02-19 15:34:39,928 [AWT-EventQueue-0]  INFO testecategoria:91 –  Alterada parcela id: 545-5 no valor de: 51.94 para: false-Cliente:84 Data:null
2022-02-19 15:34:39,928 [AWT-EventQueue-0]  INFO testecategoria:91 –  Alterada parcela id: 550-5 no valor de: 61.9 para: false-Cliente:84 Data:null
2022-02-19 15:34:39,928 [AWT-EventQueue-0]  INFO testecategoria:91 –  Alterada parcela id: 552-2 no valor de: 456.1 para: false-Cliente:378 Data:null
2022-02-19 15:34:39,928 [AWT-EventQueue-0]  INFO testecategoria:91 –  Alterada parcela id: 564-4 no valor de: 22.46 para: false-Cliente:792 Data:null
2022-02-19 15:34:39,928 [AWT-EventQueue-0]  INFO testecategoria:91 –  Alterada parcela id: 568-4 no valor de: 91.94 para: false-Cliente:793 Data:null
2022-02-19 15:34:39,928 [AWT-EventQueue-0]  INFO testecategoria:91 –  Alterada parcela id: 573-4 no valor de: 487.1 para: false-Cliente:793 Data:null
2022-02-19 15:34:39,928 [AWT-EventQueue-0]  INFO testecategoria:91 –  Alterada parcela id: 577-3 no valor de: 55.6 para: false-Cliente:794 Data:null
2022-02-19 15:34:39,928 [AWT-EventQueue-0]  INFO testecategoria:91 –  Alterada parcela id: 582-3 no valor de: 37.96 para: false-Cliente:794 Data:null
2022-02-19 15:34:39,943 [AWT-EventQueue-0]  INFO testecategoria:91 –  Alterada parcela id: 588-3 no valor de: 49.96 para: false-Cliente:794 Data:null
2022-02-19 15:34:39,943 [AWT-EventQueue-0]  INFO testecategoria:91 –  Alterada parcela id: 591-3 no valor de: 65.76 para: false-Cliente:795 Data:null
2022-02-19 15:34:39,943 [AWT-EventQueue-0]  INFO testecategoria:91 –  Alterada parcela id: 601-4 no valor de: 33.98 para: false-Cliente:288 Data:null
2022-02-19 15:34:39,943 [AWT-EventQueue-0]  INFO testecategoria:91 –  Alterada parcela id: 605-3 no valor de: 482.88 para: false-Cliente:797 Data:null
2022-02-19 15:34:39,943 [AWT-EventQueue-0]  INFO testecategoria:91 –  Alterada parcela id: 610-3 no valor de: 33.98 para: false-Cliente:797 Data:null
2022-02-19 15:34:39,943 [AWT-EventQueue-0]  INFO testecategoria:91 –  Alterada parcela id: 616-4 no valor de: 33.98 para: false-Cliente:797 Data:null
2022-02-19 15:34:39,943 [AWT-EventQueue-0]  INFO testecategoria:91 –  Alterada parcela id: 621-4 no valor de: 35.98 para: false-Cliente:797 Data:null
2022-02-19 15:34:39,943 [AWT-EventQueue-0]  INFO testecategoria:91 –  Alterada parcela id: 630-3 no valor de: 39.0 para: false-Cliente:796 Data:null
2022-02-19 15:34:39,943 [AWT-EventQueue-0]  INFO testecategoria:91 –  Alterada parcela id: 634-2 no valor de: 214.36 para: false-Cliente:796 Data:null
2022-02-19 15:34:39,943 [AWT-EventQueue-0]  INFO testecategoria:91 –  Alterada parcela id: 645-3 no valor de: 58.78 para: false-Cliente:796 Data:null
2022-02-19 15:34:39,943 [AWT-EventQueue-0]  INFO testecategoria:91 –  Alterada parcela id: 651-3 no valor de: 132.94 para: false-Cliente:798 Data:null
2022-02-19 15:34:39,943 [AWT-EventQueue-0]  INFO testecategoria:91 –  Alterada parcela id: 664-3 no valor de: 35.98 para: false-Cliente:801 Data:null
2022-02-19 15:34:39,943 [AWT-EventQueue-0]  INFO testecategoria:91 –  Alterada parcela id: 669-3 no valor de: 76.24 para: false-Cliente:801 Data:null
2022-02-19 15:34:39,943 [AWT-EventQueue-0]  INFO testecategoria:91 –  Alterada parcela id: 675-3 no valor de: 30.98 para: false-Cliente:804 Data:null
2022-02-19 15:34:39,943 [AWT-EventQueue-0]  INFO testecategoria:91 –  Alterada parcela id: 681-3 no valor de: 44.78 para: false-Cliente:805 Data:null
2022-02-19 15:34:39,943 [AWT-EventQueue-0]  INFO testecategoria:91 –  Alterada parcela id: 686-3 no valor de: 77.78 para: false-Cliente:803 Data:null
2022-02-19 15:34:39,943 [AWT-EventQueue-0]  INFO testecategoria:91 –  Alterada parcela id: 693-5 no valor de: 41.94 para: false-Cliente:803 Data:null
2022-02-19 15:34:39,943 [AWT-EventQueue-0]  INFO testecategoria:91 –  Alterada parcela id: 697-3 no valor de: 84.0 para: false-Cliente:802 Data:null
2022-02-19 15:34:39,943 [AWT-EventQueue-0]  INFO testecategoria:91 –  Alterada parcela id: 704-5 no valor de: 63.49 para: false-Cliente:802 Data:null
2022-02-19 15:34:39,943 [AWT-EventQueue-0]  INFO testecategoria:91 –  Alterada parcela id: 715-3 no valor de: 48.34 para: false-Cliente:799 Data:null
2022-02-19 15:34:39,943 [AWT-EventQueue-0]  INFO testecategoria:91 –  Alterada parcela id: 720-3 no valor de: 79.94 para: false-Cliente:799 Data:null
2022-02-19 15:34:39,943 [AWT-EventQueue-0]  INFO testecategoria:91 –  Alterada parcela id: 725-3 no valor de: 49.94 para: false-Cliente:799 Data:null
2022-02-19 15:34:39,943 [AWT-EventQueue-0]  INFO testecategoria:91 –  Alterada parcela id: 730-3 no valor de: 39.96 para: false-Cliente:799 Data:null
2022-02-19 15:34:39,943 [AWT-EventQueue-0]  INFO testecategoria:91 –  Alterada parcela id: 736-3 no valor de: 84.4 para: false-Cliente:807 Data:null
2022-02-19 15:34:39,943 [AWT-EventQueue-0]  INFO testecategoria:91 –  Alterada parcela id: 746-4 no valor de: 139.34 para: false-Cliente:808 Data:null
2022-02-19 15:34:39,943 [AWT-EventQueue-0]  INFO testecategoria:91 –  Alterada parcela id: 752-3 no valor de: 29.98 para: false-Cliente:808 Data:null
2022-02-19 15:34:39,943 [AWT-EventQueue-0]  INFO testecategoria:91 –  Alterada parcela id: 757-3 no valor de: 159.48 para: false-Cliente:808 Data:null
2022-02-19 15:34:39,943 [AWT-EventQueue-0]  INFO testecategoria:91 –  Alterada parcela id: 762-3 no valor de: 32.46 para: false-Cliente:8 Data:null
2022-02-19 15:34:39,943 [AWT-EventQueue-0]  INFO testecategoria:91 –  Alterada parcela id: 768-4 no valor de: 32.94 para: false-Cliente:8 Data:null
2022-02-19 15:34:39,943 [AWT-EventQueue-0]  INFO testecategoria:91 –  Alterada parcela id: 773-4 no valor de: 31.98 para: false-Cliente:8 Data:null
2022-02-19 15:34:39,943 [AWT-EventQueue-0]  INFO testecategoria:91 –  Alterada parcela id: 777-3 no valor de: 65.56 para: false-Cliente:218 Data:null
2022-02-19 15:34:39,943 [AWT-EventQueue-0]  INFO testecategoria:91 –  Alterada parcela id: 782-3 no valor de: 46.8 para: false-Cliente:218 Data:null
2022-02-19 15:34:39,943 [AWT-EventQueue-0]  INFO testecategoria:91 –  Alterada parcela id: 793-4 no valor de: 168.34 para: false-Cliente:218 Data:null
2022-02-19 15:34:39,943 [AWT-EventQueue-0]  INFO testecategoria:91 –  Alterada parcela id: 807-4 no valor de: 31.98 para: false-Cliente:467 Data:null
2022-02-19 15:34:39,943 [AWT-EventQueue-0]  INFO testecategoria:91 –  Alterada parcela id: 818-3 no valor de: 48.97 para: false-Cliente:812 Data:null
2022-02-19 15:34:39,943 [AWT-EventQueue-0]  INFO testecategoria:91 –  Alterada parcela id: 823-3 no valor de: 53.17 para: false-Cliente:812 Data:null
2022-02-19 15:34:39,943 [AWT-EventQueue-0]  INFO testecategoria:91 –  Alterada parcela id: 830-4 no valor de: 35.98 para: false-Cliente:812 Data:null
2022-02-19 15:34:39,959 [AWT-EventQueue-0]  INFO testecategoria:91 –  Alterada parcela id: 835-4 no valor de: 59.78 para: false-Cliente:812 Data:null
2022-02-19 15:34:39,959 [AWT-EventQueue-0]  INFO testecategoria:91 –  Alterada parcela id: 854-3 no valor de: 41.98 para: false-Cliente:815 Data:null
2022-02-19 15:34:39,959 [AWT-EventQueue-0]  INFO testecategoria:91 –  Alterada parcela id: 857-2 no valor de: 106.08 para: false-Cliente:816 Data:null
2022-02-19 15:34:39,959 [AWT-EventQueue-0]  INFO testecategoria:91 –  Alterada parcela id: 867-3 no valor de: 39.99 para: false-Cliente:437 Data:null
2022-02-19 15:34:39,959 [AWT-EventQueue-0]  INFO testecategoria:91 –  Alterada parcela id: 871-3 no valor de: 25.98 para: false-Cliente:437 Data:null
2022-02-19 15:34:39,959 [AWT-EventQueue-0]  INFO testecategoria:91 –  Alterada parcela id: 876-3 no valor de: 190.76 para: false-Cliente:437 Data:null
2022-02-19 15:34:39,959 [AWT-EventQueue-0]  INFO testecategoria:91 –  Alterada parcela id: 881-3 no valor de: 78.36 para: false-Cliente:817 Data:null
2022-02-19 15:34:39,959 [AWT-EventQueue-0]  INFO testecategoria:91 –  Alterada parcela id: 890-3 no valor de: 61.94 para: false-Cliente:66 Data:null
2022-02-19 15:34:39,959 [AWT-EventQueue-0]  INFO testecategoria:91 –  Alterada parcela id: 907-3 no valor de: 75.96 para: false-Cliente:297 Data:null
2022-02-19 15:34:39,959 [AWT-EventQueue-0]  INFO testecategoria:91 –  Alterada parcela id: 915-3 no valor de: 75.96 para: false-Cliente:822 Data:null
2022-02-19 15:34:39,959 [AWT-EventQueue-0]  INFO testecategoria:91 –  Alterada parcela id: 920-3 no valor de: 39.96 para: false-Cliente:822 Data:null
2022-02-19 15:34:39,959 [AWT-EventQueue-0]  INFO testecategoria:91 –  Alterada parcela id: 925-3 no valor de: 152.24 para: false-Cliente:822 Data:null
2022-02-19 15:34:39,959 [AWT-EventQueue-0]  INFO testecategoria:91 –  Alterada parcela id: 928-3 no valor de: 33.98 para: false-Cliente:822 Data:null
2022-02-19 15:34:39,959 [AWT-EventQueue-0]  INFO testecategoria:91 –  Alterada parcela id: 932-2 no valor de: 29.0 para: false-Cliente:805 Data:null
2022-02-19 15:34:39,959 [AWT-EventQueue-0]  INFO testecategoria:91 –  Alterada parcela id: 934-2 no valor de: 74.2 para: false-Cliente:222 Data:null
2022-02-19 15:34:39,959 [AWT-EventQueue-0]  INFO testecategoria:91 –  Alterada parcela id: 955-3 no valor de: 21.66 para: false-Cliente:214 Data:null
2022-02-19 15:34:39,959 [AWT-EventQueue-0]  INFO testecategoria:91 –  Alterada parcela id: 958-3 no valor de: 58.58 para: false-Cliente:214 Data:null
2022-02-19 15:34:39,959 [AWT-EventQueue-0]  INFO testecategoria:91 –  Alterada parcela id: 963-3 no valor de: 124.0 para: false-Cliente:214 Data:null
2022-02-19 15:34:39,959 [AWT-EventQueue-0]  INFO testecategoria:91 –  Alterada parcela id: 1030-2 no valor de: 44.98 para: false-Cliente:788 Data:null
2022-02-19 15:34:39,959 [AWT-EventQueue-0]  INFO testecategoria:91 –  Alterada parcela id: 1034-2 no valor de: 49.98 para: false-Cliente:72 Data:null
2022-02-19 15:34:39,959 [AWT-EventQueue-0]  INFO testecategoria:91 –  Alterada parcela id: 1062-2 no valor de: 37.8 para: false-Cliente:163 Data:null
2022-02-19 15:34:39,959 [AWT-EventQueue-0]  INFO testecategoria:91 –  Alterada parcela id: 1086-2 no valor de: 105.2 para: false-Cliente:588 Data:null
2022-02-19 15:34:39,959 [AWT-EventQueue-0]  INFO testecategoria:91 –  Alterada parcela id: 1142-2 no valor de: 85.0 para: false-Cliente:806 Data:null
2022-02-19 15:34:39,959 [AWT-EventQueue-0]  INFO testecategoria:91 –  Alterada parcela id: 1379-2 no valor de: 100.34 para: false-Cliente:462 Data:null
2022-02-19 15:34:39,959 [AWT-EventQueue-0]  INFO testecategoria:91 –  Alterada parcela id: 1539-2 no valor de: 104.72 para: false-Cliente:789 Data:null
2022-02-19 15:34:39,959 [AWT-EventQueue-0]  INFO testecategoria:91 –  Alterada parcela id: 1544-2 no valor de: 31.98 para: false-Cliente:467 Data:null
2022-02-19 15:34:39,959 [AWT-EventQueue-0]  INFO testecategoria:91 –  Alterada parcela id: 1549-2 no valor de: 143.28 para: false-Cliente:467 Data:null
2022-02-19 15:34:39,959 [AWT-EventQueue-0]  INFO testecategoria:91 –  Alterada parcela id: 1554-2 no valor de: 36.8 para: false-Cliente:163 Data:null
2022-02-19 15:34:39,959 [AWT-EventQueue-0]  INFO testecategoria:91 –  Alterada parcela id: 1559-2 no valor de: 76.33 para: false-Cliente:799 Data:null
2022-02-19 15:34:39,959 [AWT-EventQueue-0]  INFO testecategoria:91 –  Alterada parcela id: 1567-2 no valor de: 381.26 para: false-Cliente:793 Data:null
2022-02-19 15:34:39,959 [AWT-EventQueue-0]  INFO testecategoria:91 –  Alterada parcela id: 1585-2 no valor de: 916.0 para: false-Cliente:860 Data:null
2022-02-19 15:34:39,959 [AWT-EventQueue-0]  INFO testecategoria:91 –  Alterada parcela id: 1588-3 no valor de: 29.98 para: false-Cliente:794 Data:null
2022-02-19 15:34:39,959 [AWT-EventQueue-0]  INFO testecategoria:91 –  Alterada parcela id: 1593-3 no valor de: 105.56 para: false-Cliente:66 Data:null
2022-02-19 15:34:39,959 [AWT-EventQueue-0]  INFO testecategoria:91 –  Alterada parcela id: 1598-3 no valor de: 33.98 para: false-Cliente:796 Data:null
2022-02-19 15:34:39,959 [AWT-EventQueue-0]  INFO testecategoria:91 –  Alterada parcela id: 1618-2 no valor de: 24.0 para: false-Cliente:462 Data:null
2022-02-19 15:34:39,959 [AWT-EventQueue-0]  INFO testecategoria:91 –  Alterada parcela id: 1622-2 no valor de: 39.5 para: false-Cliente:786 Data:null
2022-02-19 15:34:39,959 [AWT-EventQueue-0]  INFO testecategoria:91 –  Alterada parcela id: 1629-2 no valor de: 39.96 para: false-Cliente:163 Data:null
2022-02-19 15:34:39,975 [AWT-EventQueue-0]  INFO testecategoria:91 –  Alterada parcela id: 1634-2 no valor de: 30.75 para: true-Cliente:4 Data:Sat Feb 19 15:33:10 BRST 2022
2022-02-19 15:34:39,975 [AWT-EventQueue-0]  INFO testecategoria:91 –  Alterada parcela id: 1638-2 no valor de: 375.0 para: true-Cliente:4 Data:Sat Feb 19 15:33:10 BRST 2022
2022-02-19 15:34:39,975 [AWT-EventQueue-0]  INFO testecategoria:91 –  Alterada parcela id: 1642-2 no valor de: 277.75 para: true-Cliente:4 Data:Sat Feb 19 15:33:10 BRST 2022
2022-02-19 15:34:39,975 [AWT-EventQueue-0]  INFO testecategoria:91 –  Alterada parcela id: 1646-2 no valor de: 500.0 para: true-Cliente:4 Data:Sat Feb 19 15:33:10 BRST 2022
2022-02-19 15:34:39,975 [AWT-EventQueue-0]  INFO testecategoria:91 –  Alterada parcela id: 1649-2 no valor de: 400.0 para: true-Cliente:4 Data:Sat Feb 19 15:33:10 BRST 2022
2022-02-19 15:34:39,975 [AWT-EventQueue-0]  INFO testecategoria:91 –  Alterada parcela id: 1652-2 no valor de: 111.0 para: true-Cliente:4 Data:Sat Feb 19 15:33:10 BRST 2022
2022-02-19 15:34:39,975 [AWT-EventQueue-0]  INFO testecategoria:91 –  Alterada parcela id: 1656-2 no valor de: 37.0 para: true-Cliente:4 Data:Sat Feb 19 15:33:10 BRST 2022
2022-02-19 15:34:39,975 [AWT-EventQueue-0]  INFO testecategoria:91 –  Alterada parcela id: 1659-2 no valor de: 74.0 para: true-Cliente:4 Data:Sat Feb 19 15:33:10 BRST 2022
2022-02-19 15:34:39,975 [AWT-EventQueue-0]  INFO testecategoria:91 –  Alterada parcela id: 1662-2 no valor de: 444.4 para: true-Cliente:4 Data:Sat Feb 19 15:33:10 BRST 2022
2022-02-19 15:34:39,975 [AWT-EventQueue-0]  INFO testecategoria:91 –  Alterada parcela id: 1678-2 no valor de: 18.33 para: true-Cliente:4 Data:Sat Feb 19 15:33:10 BRST 2022
2022-02-19 15:34:39,975 [AWT-EventQueue-0]  INFO testecategoria:91 –  Alterada parcela id: 1681-2 no valor de: 11.0 para: true-Cliente:4 Data:Sat Feb 19 15:33:10 BRST 2022
2022-02-19 15:34:39,975 [AWT-EventQueue-0]  INFO testecategoria:91 –  Alterada parcela id: 1684-2 no valor de: 148.0 para: true-Cliente:4 Data:Sat Feb 19 15:33:10 BRST 2022
2022-02-19 15:34:39,975 [AWT-EventQueue-0]  INFO testecategoria:91 –  Alterada parcela id: 1687-2 no valor de: 40.0 para: true-Cliente:4 Data:Sat Feb 19 15:33:10 BRST 2022
2022-02-19 15:34:39,975 [AWT-EventQueue-0]  INFO testecategoria:91 –  Alterada parcela id: 1692-2 no valor de: 111.0 para: true-Cliente:4 Data:Sat Feb 19 15:33:10 BRST 2022
2022-02-19 15:34:39,975 [AWT-EventQueue-0]  INFO testecategoria:91 –  Alterada parcela id: 1695-2 no valor de: 55.5 para: true-Cliente:4 Data:Sat Feb 19 15:33:10 BRST 2022
2022-02-19 15:34:39,975 [AWT-EventQueue-0]  INFO testecategoria:91 –  Alterada parcela id: 1703-2 no valor de: 55.5 para: true-Cliente:4 Data:Sat Feb 19 15:33:10 BRST 2022
2022-02-19 15:34:39,975 [AWT-EventQueue-0]  INFO testecategoria:91 –  Alterada parcela id: 1708-2 no valor de: 179.8 para: false-Cliente:780 Data:null
2022-02-19 15:34:41,690 [AWT-EventQueue-0]  INFO testecategoria:535 – fim_grava_parcelas
2022-02-19 16:19:44,030 [main]  INFO testecategoria:44 – Abertura de sistema
2022-02-19 16:21:11,666 [main]  INFO testecategoria:44 – Abertura de sistema
2022-02-19 16:24:46,523 [main]  INFO testecategoria:44 – Abertura de sistema
2022-02-19 16:28:45,213 [main]  INFO testecategoria:44 – Abertura de sistema
2022-02-19 16:30:28,277 [main]  INFO testecategoria:44 – Abertura de sistema
2022-02-19 16:30:39,917 [main]  INFO testecategoria:44 – Abertura de sistema
2022-02-19 16:33:49,215 [main]  INFO testecategoria:44 – Abertura de sistema
2022-02-19 16:34:02,449 [main]  INFO testecategoria:44 – Abertura de sistema
2022-02-19 16:34:35,231 [main]  INFO testecategoria:44 – Abertura de sistema
2022-02-19 16:35:56,213 [main]  INFO testecategoria:44 – Abertura de sistema
2022-02-19 16:36:22,482 [main]  INFO testecategoria:44 – Abertura de sistema
2022-02-19 16:37:28,136 [main]  INFO testecategoria:44 – Abertura de sistema
2022-02-19 16:39:01,753 [main]  INFO testecategoria:44 – Abertura de sistema
2022-02-19 16:39:44,078 [main]  INFO testecategoria:44 – Abertura de sistema
2022-02-19 16:41:03,499 [main]  INFO testecategoria:44 – Abertura de sistema
2022-02-19 16:42:18,971 [main]  INFO testecategoria:44 – Abertura de sistema
2022-02-19 17:01:33,780 [main]  INFO testecategoria:44 – Abertura de sistema
2022-02-19 17:15:11,153 [main]  INFO testecategoria:44 – Abertura de sistema
2022-02-19 19:05:19,024 [main]  INFO testecategoria:44 – Abertura de sistema
2022-02-19 19:14:26,382 [main]  INFO testecategoria:44 – Abertura de sistema
2022-02-19 19:15:22,196 [main]  INFO testecategoria:44 – Abertura de sistema
2022-02-24 12:35:57,685 [main]  INFO testecategoria:44 – Abertura de sistema
2022-02-24 12:38:05,635 [main]  INFO testecategoria:44 – Abertura de sistema
2022-02-24 12:41:04,692 [main]  INFO testecategoria:44 – Abertura de sistema
2022-02-24 12:45:45,148 [main]  INFO testecategoria:44 – Abertura de sistema
2022-02-24 13:10:56,741 [main]  INFO testecategoria:44 – Abertura de sistema
2022-02-24 13:13:14,841 [main]  INFO testecategoria:44 – Abertura de sistema
2022-02-24 13:20:03,465 [main]  INFO testecategoria:44 – Abertura de sistema
2022-02-24 13:22:06,798 [main]  INFO testecategoria:44 – Abertura de sistema
2022-02-24 13:25:35,517 [main]  INFO testecategoria:44 – Abertura de sistema
2022-02-24 13:26:24,031 [main]  INFO testecategoria:44 – Abertura de sistema
2022-02-24 13:27:40,818 [main]  INFO testecategoria:44 – Abertura de sistema
2022-02-24 13:28:03,559 [main]  INFO testecategoria:44 – Abertura de sistema
2022-02-24 13:29:00,443 [main]  INFO testecategoria:44 – Abertura de sistema
2022-02-24 13:29:38,656 [main]  INFO testecategoria:44 – Abertura de sistema
2022-02-24 13:31:12,656 [main]  INFO testecategoria:44 – Abertura de sistema
2022-02-24 13:32:44,986 [main]  INFO testecategoria:44 – Abertura de sistema
2022-02-24 13:34:24,348 [main]  INFO testecategoria:44 – Abertura de sistema
2022-02-24 13:38:45,657 [main]  INFO testecategoria:44 – Abertura de sistema
2022-02-24 13:41:18,550 [main]  INFO testecategoria:44 – Abertura de sistema
2022-02-24 13:42:04,461 [main]  INFO testecategoria:44 – Abertura de sistema
2022-02-24 13:42:58,003 [main]  INFO testecategoria:44 – Abertura de sistema
2022-02-24 13:55:22,422 [main]  INFO testecategoria:44 – Abertura de sistema
2022-02-24 13:55:42,986 [main]  INFO testecategoria:44 – Abertura de sistema
2022-02-24 14:04:08,545 [main]  INFO testecategoria:44 – Abertura de sistema
2022-02-24 14:10:00,197 [AWT-EventQueue-0]  INFO testecategoria:533 – inicio_grava_parcelas
2022-02-24 14:10:00,197 [AWT-EventQueue-0]  INFO testecategoria:91 –  Alterada parcela id: 1323-1 no valor de: 47.98 para: true-Cliente:5 Data:Thu Feb 24 14:05:15 BRT 2022
2022-02-24 14:10:00,213 [AWT-EventQueue-0]  INFO testecategoria:91 –  Alterada parcela id: 1324-1 no valor de: 52.74 para: true-Cliente:5 Data:Thu Feb 24 14:05:15 BRT 2022
2022-02-24 14:10:00,213 [AWT-EventQueue-0]  INFO testecategoria:91 –  Alterada parcela id: 1327-1 no valor de: 37.96 para: false-Cliente:16 Data:null
2022-02-24 14:10:00,228 [AWT-EventQueue-0]  INFO testecategoria:91 –  Alterada parcela id: 1332-1 no valor de: 162.93 para: false-Cliente:16 Data:null
2022-02-24 14:10:00,228 [AWT-EventQueue-0]  INFO testecategoria:91 –  Alterada parcela id: 1337-1 no valor de: 79.06 para: false-Cliente:16 Data:null
2022-02-24 14:10:00,228 [AWT-EventQueue-0]  INFO testecategoria:91 –  Alterada parcela id: 1342-1 no valor de: 17.45 para: false-Cliente:16 Data:null
2022-02-24 14:10:00,228 [AWT-EventQueue-0]  INFO testecategoria:91 –  Alterada parcela id: 1344-1 no valor de: 74.33 para: false-Cliente:16 Data:null
2022-02-24 14:10:00,228 [AWT-EventQueue-0]  INFO testecategoria:91 –  Alterada parcela id: 1347-1 no valor de: 50.0 para: false-Cliente:16 Data:null
2022-02-24 14:10:00,228 [AWT-EventQueue-0]  INFO testecategoria:91 –  Alterada parcela id: 1348-1 no valor de: 100.0 para: false-Cliente:16 Data:null
2022-02-24 14:10:00,228 [AWT-EventQueue-0]  INFO testecategoria:91 –  Alterada parcela id: 1351-1 no valor de: 96.74 para: false-Cliente:16 Data:null
2022-02-24 14:10:00,228 [AWT-EventQueue-0]  INFO testecategoria:91 –  Alterada parcela id: 1355-1 no valor de: 24.0 para: false-Cliente:16 Data:null
2022-02-24 14:10:00,228 [AWT-EventQueue-0]  INFO testecategoria:91 –  Alterada parcela id: 1357-1 no valor de: 39.98 para: false-Cliente:16 Data:null
2022-02-24 14:10:00,228 [AWT-EventQueue-0]  INFO testecategoria:91 –  Alterada parcela id: 1358-1 no valor de: 28.5 para: false-Cliente:16 Data:null
2022-02-24 14:10:00,228 [AWT-EventQueue-0]  INFO testecategoria:91 –  Alterada parcela id: 1363-1 no valor de: 77.74 para: false-Cliente:16 Data:null
2022-02-24 14:10:00,228 [AWT-EventQueue-0]  INFO testecategoria:91 –  Alterada parcela id: 1301-1 no valor de: 26.23 para: false-Cliente:24 Data:null
2022-02-24 14:10:00,228 [AWT-EventQueue-0]  INFO testecategoria:91 –  Alterada parcela id: 1305-1 no valor de: 30.34 para: false-Cliente:24 Data:null
2022-02-24 14:10:00,228 [AWT-EventQueue-0]  INFO testecategoria:91 –  Alterada parcela id: 1309-1 no valor de: 91.26 para: false-Cliente:24 Data:null
2022-02-24 14:10:00,228 [AWT-EventQueue-0]  INFO testecategoria:91 –  Alterada parcela id: 1312-1 no valor de: 39.96 para: false-Cliente:24 Data:null
2022-02-24 14:10:00,228 [AWT-EventQueue-0]  INFO testecategoria:91 –  Alterada parcela id: 1313-1 no valor de: 33.98 para: false-Cliente:24 Data:null
2022-02-24 14:10:00,228 [AWT-EventQueue-0]  INFO testecategoria:91 –  Alterada parcela id: 1318-1 no valor de: 31.98 para: false-Cliente:24 Data:null
2022-02-24 14:10:00,228 [AWT-EventQueue-0]  INFO testecategoria:91 –  Alterada parcela id: 1297-1 no valor de: 35.99 para: false-Cliente:39 Data:null
2022-02-24 14:10:00,228 [AWT-EventQueue-0]  INFO testecategoria:91 –  Alterada parcela id: 1299-1 no valor de: 24.95 para: false-Cliente:39 Data:null
2022-02-24 14:10:00,228 [AWT-EventQueue-0]  INFO testecategoria:91 –  Alterada parcela id: 1289-1 no valor de: 83.0 para: false-Cliente:848 Data:null
2022-02-24 14:10:01,690 [AWT-EventQueue-0]  INFO testecategoria:535 – fim_grava_parcelas
2022-02-24 14:10:47,126 [main]  INFO testecategoria:44 – Abertura de sistema
2022-02-24 14:13:14,867 [AWT-EventQueue-0]  INFO testecategoria:533 – inicio_grava_parcelas
2022-02-24 14:13:14,867 [AWT-EventQueue-0]  INFO testecategoria:91 –  Alterada parcela id: 1563-3 no valor de: 26.0 para: true-Cliente:45 Data:Thu Feb 24 14:11:13 BRT 2022
2022-02-24 14:13:14,882 [AWT-EventQueue-0]  INFO testecategoria:91 –  Alterada parcela id: 1442-4 no valor de: 33.98 para: false-Cliente:117 Data:null
2022-02-24 14:13:14,882 [AWT-EventQueue-0]  INFO testecategoria:91 –  Alterada parcela id: 1453-4 no valor de: 74.38 para: false-Cliente:117 Data:null
2022-02-24 14:13:14,882 [AWT-EventQueue-0]  INFO testecategoria:91 –  Alterada parcela id: 1505-3 no valor de: 32.0 para: false-Cliente:117 Data:null
2022-02-24 14:13:14,898 [AWT-EventQueue-0]  INFO testecategoria:91 –  Alterada parcela id: 1457-4 no valor de: 33.98 para: false-Cliente:122 Data:null
2022-02-24 14:13:14,898 [AWT-EventQueue-0]  INFO testecategoria:91 –  Alterada parcela id: 1625-3 no valor de: 103.96 para: false-Cliente:122 Data:null
2022-02-24 14:13:14,898 [AWT-EventQueue-0]  INFO testecategoria:91 –  Alterada parcela id: 1519-4 no valor de: 41.98 para: false-Cliente:184 Data:null
2022-02-24 14:13:14,898 [AWT-EventQueue-0]  INFO testecategoria:91 –  Alterada parcela id: 1524-4 no valor de: 213.6 para: false-Cliente:184 Data:null
2022-02-24 14:13:14,898 [AWT-EventQueue-0]  INFO testecategoria:91 –  Alterada parcela id: 1418-4 no valor de: 67.96 para: false-Cliente:189 Data:null
2022-02-24 14:13:14,898 [AWT-EventQueue-0]  INFO testecategoria:91 –  Alterada parcela id: 1423-4 no valor de: 85.4 para: false-Cliente:189 Data:null
2022-02-24 14:13:14,898 [AWT-EventQueue-0]  INFO testecategoria:91 –  Alterada parcela id: 1428-4 no valor de: 42.8 para: false-Cliente:189 Data:null
2022-02-24 14:13:14,898 [AWT-EventQueue-0]  INFO testecategoria:91 –  Alterada parcela id: 1400-4 no valor de: 46.97 para: false-Cliente:591 Data:null
2022-02-24 14:13:14,898 [AWT-EventQueue-0]  INFO testecategoria:91 –  Alterada parcela id: 1483-4 no valor de: 63.46 para: false-Cliente:767 Data:null
2022-02-24 14:13:14,898 [AWT-EventQueue-0]  INFO testecategoria:91 –  Alterada parcela id: 1371-4 no valor de: 58.6 para: false-Cliente:850 Data:null
2022-02-24 14:13:14,898 [AWT-EventQueue-0]  INFO testecategoria:91 –  Alterada parcela id: 1386-4 no valor de: 39.98 para: false-Cliente:855 Data:null
2022-02-24 14:13:14,898 [AWT-EventQueue-0]  INFO testecategoria:91 –  Alterada parcela id: 1391-4 no valor de: 175.15 para: false-Cliente:855 Data:null
2022-02-24 14:13:16,295 [AWT-EventQueue-0]  INFO testecategoria:535 – fim_grava_parcelas
2022-02-24 14:15:07,048 [main]  INFO testecategoria:44 – Abertura de sistema
2022-02-24 14:18:56,982 [main]  INFO testecategoria:44 – Abertura de sistema
2022-02-24 14:21:30,543 [main]  INFO testecategoria:44 – Abertura de sistema
2022-02-24 14:26:35,896 [main]  INFO testecategoria:44 – Abertura de sistema
2022-02-24 14:28:22,731 [main]  INFO testecategoria:44 – Abertura de sistema
2022-02-24 15:26:48,100 [main]  INFO testecategoria:44 – Abertura de sistema
2022-02-24 15:29:34,950 [main]  INFO testecategoria:44 – Abertura de sistema
2022-02-24 17:02:11,093 [main]  INFO testecategoria:44 – Abertura de sistema
2022-02-24 17:03:19,752 [main]  INFO testecategoria:44 – Abertura de sistema
2022-02-24 17:09:25,462 [main]  INFO testecategoria:44 – Abertura de sistema
